<?xml version="1.0" encoding="UTF-8"?>
<!-- Generated by org.testng.reporters.JUnitReportReporter -->
<testsuite hostname="DESKTOP-8MOSI1E" failures="0" tests="1" name="Testing.man" time="19.668" errors="0" timestamp="2022-01-04T15:42:34 IST" skipped="0">
  <testcase classname="Testing.man" name="login" time="19.668"/>
  <system-out/>
</testsuite> <!-- Testing.man -->
